\BOOKMARK [0][-]{chapter.1}{1 Josephine Rehak - Chefprogrammiererin}{}% 1
\BOOKMARK [1][-]{section.1.1}{1.1 Projekt}{chapter.1}% 2
\BOOKMARK [1][-]{section.1.2}{1.2 Arbeit im Team}{chapter.1}% 3
\BOOKMARK [1][-]{section.1.3}{1.3 Fazit}{chapter.1}% 4
\BOOKMARK [0][-]{chapter.2}{2 Richard M\366rbitz - Assistent}{}% 5
\BOOKMARK [1][-]{section.2.1}{2.1 Projekt}{chapter.2}% 6
\BOOKMARK [1][-]{section.2.2}{2.2 Arbeit im Team}{chapter.2}% 7
\BOOKMARK [1][-]{section.2.3}{2.3 Fazit}{chapter.2}% 8
\BOOKMARK [0][-]{chapter.3}{3 Max Friedrich - Administrator}{}% 9
\BOOKMARK [1][-]{section.3.1}{3.1 Projekt}{chapter.3}% 10
\BOOKMARK [1][-]{section.3.2}{3.2 Arbeit im Team}{chapter.3}% 11
\BOOKMARK [1][-]{section.3.3}{3.3 Fazit}{chapter.3}% 12
\BOOKMARK [0][-]{chapter.4}{4 Peter Merseburger - Testverantwortlicher}{}% 13
\BOOKMARK [1][-]{section.4.1}{4.1 Projekt}{chapter.4}% 14
\BOOKMARK [1][-]{section.4.2}{4.2 Arbeit im Team}{chapter.4}% 15
\BOOKMARK [1][-]{section.4.3}{4.3 Fazit}{chapter.4}% 16
\BOOKMARK [0][-]{chapter.5}{5 Julius Felchow - Sekret\344r}{}% 17
\BOOKMARK [1][-]{section.5.1}{5.1 Projekt}{chapter.5}% 18
\BOOKMARK [1][-]{section.5.2}{5.2 Arbeit im Team}{chapter.5}% 19
\BOOKMARK [1][-]{section.5.3}{5.3 Fazit}{chapter.5}% 20
