\BOOKMARK [0][-]{chapter.1}{1 Willkommen}{}% 1
\BOOKMARK [1][-]{section.1.1}{1.1 Grunds\344tze dieser Dokumentation}{chapter.1}% 2
\BOOKMARK [1][-]{section.1.2}{1.2 Einrichtung der Software}{chapter.1}% 3
\BOOKMARK [1][-]{section.1.3}{1.3 Der erste Start}{chapter.1}% 4
\BOOKMARK [0][-]{chapter.2}{2 Struktur}{}% 5
\BOOKMARK [1][-]{section.2.1}{2.1 Erstellungsseite der Fragen}{chapter.2}% 6
\BOOKMARK [1][-]{section.2.2}{2.2 eigene \334bersichtsseite}{chapter.2}% 7
\BOOKMARK [1][-]{section.2.3}{2.3 Erstellungsseite der Reviews}{chapter.2}% 8
\BOOKMARK [1][-]{section.2.4}{2.4 Reviewansicht}{chapter.2}% 9
\BOOKMARK [1][-]{section.2.5}{2.5 Reviewer Zuordnungsseite}{chapter.2}% 10
\BOOKMARK [1][-]{section.2.6}{2.6 \334bersicht vollst\344ndig gereviewter Fragen}{chapter.2}% 11
\BOOKMARK [0][-]{chapter.3}{3 Sie sind eingeloggt}{}% 12
\BOOKMARK [1][-]{section.3.1}{3.1 als Administrator}{chapter.3}% 13
\BOOKMARK [2][-]{subsection.3.1.1}{3.1.1 Reviewpool erstellen}{section.3.1}% 14
\BOOKMARK [2][-]{subsection.3.1.2}{3.1.2 Reviews zuteilen}{section.3.1}% 15
\BOOKMARK [2][-]{subsection.3.1.3}{3.1.3 Vollst\344ndige Reviews freigeben}{section.3.1}% 16
\BOOKMARK [2][-]{subsection.3.1.4}{3.1.4 Eigenschaften des Reviewpools bearbeiten}{section.3.1}% 17
\BOOKMARK [2][-]{subsection.3.1.5}{3.1.5 Rechte bearbeiten}{section.3.1}% 18
\BOOKMARK [1][-]{section.3.2}{3.2 als Nutzer}{chapter.3}% 19
\BOOKMARK [2][-]{subsection.3.2.1}{3.2.1 Review erstellen}{section.3.2}% 20
\BOOKMARK [2][-]{subsection.3.2.2}{3.2.2 Frage erstellen}{section.3.2}% 21
\BOOKMARK [2][-]{subsection.3.2.3}{3.2.3 Review einsehen}{section.3.2}% 22
\BOOKMARK [2][-]{subsection.3.2.4}{3.2.4 Frage exportieren}{section.3.2}% 23
\BOOKMARK [2][-]{subsection.3.2.5}{3.2.5 Frage importieren}{section.3.2}% 24
