\BOOKMARK [0][-]{chapter.1}{1 Einf\374hrungen und Ziele}{}% 1
\BOOKMARK [1][-]{section.1.1}{1.1 Aufgabenstellung}{chapter.1}% 2
\BOOKMARK [1][-]{section.1.2}{1.2 Qualit\344tsziele}{chapter.1}% 3
\BOOKMARK [1][-]{section.1.3}{1.3 Stakeholder}{chapter.1}% 4
\BOOKMARK [0][-]{chapter.2}{2 Randbedingungen}{}% 5
\BOOKMARK [1][-]{section.2.1}{2.1 Konventionen}{chapter.2}% 6
\BOOKMARK [0][-]{chapter.3}{3 Kontextabgrenzung}{}% 7
\BOOKMARK [1][-]{section.3.1}{3.1 Technischer- oder Verteilungskontext}{chapter.3}% 8
\BOOKMARK [1][-]{section.3.2}{3.2 Externe Schnittstellen}{chapter.3}% 9
\BOOKMARK [0][-]{chapter.4}{4 L\366sungsstrategie und Entwurfsentscheidungen}{}% 10
\BOOKMARK [1][-]{section.4.1}{4.1 Fachlicher Kontext}{chapter.4}% 11
\BOOKMARK [1][-]{section.4.2}{4.2 Reviewbare Frage-Plugin}{chapter.4}% 12
\BOOKMARK [2][-]{subsection.4.2.1}{4.2.1 Ordnerstruktur}{section.4.2}% 13
\BOOKMARK [2][-]{subsection.4.2.2}{4.2.2 Klassen\374bersicht}{section.4.2}% 14
\BOOKMARK [1][-]{section.4.3}{4.3 Review-Plugin}{chapter.4}% 15
\BOOKMARK [2][-]{subsection.4.3.1}{4.3.1 Ordnerstruktur}{section.4.3}% 16
\BOOKMARK [2][-]{subsection.4.3.2}{4.3.2 Klassen\374bersicht}{section.4.3}% 17
\BOOKMARK [2][-]{subsection.4.3.3}{4.3.3 Besonderheiten der eigenen GUI-Klassen}{section.4.3}% 18
\BOOKMARK [1][-]{section.4.4}{4.4 Datenbankstruktur}{chapter.4}% 19
\BOOKMARK [0][-]{chapter.5}{5 Bausteinsicht}{}% 20
\BOOKMARK [0][-]{chapter.6}{6 Laufzeitsicht}{}% 21
\BOOKMARK [0][-]{chapter.7}{7 Konzepte}{}% 22
\BOOKMARK [1][-]{section.7.1}{7.1 Fachliche Strukturen und Modelle}{chapter.7}% 23
\BOOKMARK [1][-]{section.7.2}{7.2 Persistenz}{chapter.7}% 24
\BOOKMARK [1][-]{section.7.3}{7.3 Benutzungsoberfl\344che}{chapter.7}% 25
\BOOKMARK [1][-]{section.7.4}{7.4 Ergonomie}{chapter.7}% 26
\BOOKMARK [1][-]{section.7.5}{7.5 Transaktionsbehandlung}{chapter.7}% 27
\BOOKMARK [1][-]{section.7.6}{7.6 Sessionbehandlung}{chapter.7}% 28
\BOOKMARK [1][-]{section.7.7}{7.7 Sicherheit}{chapter.7}% 29
\BOOKMARK [1][-]{section.7.8}{7.8 Plausibilisierung und Validierung}{chapter.7}% 30
\BOOKMARK [1][-]{section.7.9}{7.9 Ausnahme-/Fehlerbehandlung}{chapter.7}% 31
\BOOKMARK [1][-]{section.7.10}{7.10 Logging, Protokollierung, Tracing}{chapter.7}% 32
\BOOKMARK [1][-]{section.7.11}{7.11 Konfigurierbarkeit}{chapter.7}% 33
\BOOKMARK [1][-]{section.7.12}{7.12 Internationalisierung}{chapter.7}% 34
\BOOKMARK [1][-]{section.7.13}{7.13 Testbarkeit}{chapter.7}% 35
\BOOKMARK [1][-]{section.7.14}{7.14 Buildmanagement}{chapter.7}% 36
\BOOKMARK [0][-]{chapter.8}{8 Glossar}{}% 37
