This is pdfTeX, Version 3.1415926-2.5-1.40.14 (MiKTeX 2.9) (preloaded format=pdflatex 2014.10.29)  14 JAN 2015 21:00
entering extended mode
**Entwicklerdokumentation.tex

(C:\Users\Nutzer\Documents\Studium\2014_Wintersemester\SWT-Projekt\ILIAS-Review
-Project-Documentation\Entwicklerdokumentation\Entwicklerdokumentation.tex
LaTeX2e <2011/06/27>
Babel <v3.8m> and hyphenation patterns for english, afrikaans, ancientgreek, ar
abic, armenian, assamese, basque, bengali, bokmal, bulgarian, catalan, coptic, 
croatian, czech, danish, dutch, esperanto, estonian, farsi, finnish, french, ga
lician, german, german-x-2013-05-26, greek, gujarati, hindi, hungarian, iceland
ic, indonesian, interlingua, irish, italian, kannada, kurmanji, latin, latvian,
 lithuanian, malayalam, marathi, mongolian, mongolianlmc, monogreek, ngerman, n
german-x-2013-05-26, nynorsk, oriya, panjabi, pinyin, polish, portuguese, roman
ian, russian, sanskrit, serbian, slovak, slovenian, spanish, swedish, swissgerm
an, tamil, telugu, turkish, turkmen, ukenglish, ukrainian, uppersorbian, usengl
ishmax, welsh, loaded.
("C:\Program Files (x86)\MiKTeX 2.9\tex\latex\koma-script\scrreprt.cls"
Document Class: scrreprt 2013/12/19 v3.12 KOMA-Script document class (report)
("C:\Program Files (x86)\MiKTeX 2.9\tex\latex\koma-script\scrkbase.sty"
Package: scrkbase 2013/12/19 v3.12 KOMA-Script package (KOMA-Script-dependent b
asics and keyval usage)

("C:\Program Files (x86)\MiKTeX 2.9\tex\latex\koma-script\scrbase.sty"
Package: scrbase 2013/12/19 v3.12 KOMA-Script package (KOMA-Script-independent 
basics and keyval usage)

("C:\Program Files (x86)\MiKTeX 2.9\tex\latex\graphics\keyval.sty"
Package: keyval 1999/03/16 v1.13 key=value parser (DPC)
\KV@toks@=\toks14
)
("C:\Program Files (x86)\MiKTeX 2.9\tex\latex\koma-script\scrlfile.sty"
Package: scrlfile 2013/12/19 v3.12 KOMA-Script package (loading files)

Package scrlfile, 2013/12/19 v3.12 KOMA-Script package (loading files)
                  Copyright (C) Markus Kohm

))) ("C:\Program Files (x86)\MiKTeX 2.9\tex\latex\koma-script\tocbasic.sty"
Package: tocbasic 2013/12/19 v3.12 KOMA-Script package (handling toc-files)
)
Package tocbasic Info: omitting babel extension for `toc'
(tocbasic)             because of feature `nobabel' available
(tocbasic)             for `toc' on input line 117.
Package tocbasic Info: omitting babel extension for `lof'
(tocbasic)             because of feature `nobabel' available
(tocbasic)             for `lof' on input line 118.
Package tocbasic Info: omitting babel extension for `lot'
(tocbasic)             because of feature `nobabel' available
(tocbasic)             for `lot' on input line 119.
Package tocbasic Info: defining new hook before heading of `' on input line 112
3.
Class scrreprt Info: File `scrsize11pt.clo' used instead of
(scrreprt)           file `scrsize11.clo' to setup font sizes on input line 165
5.

("C:\Program Files (x86)\MiKTeX 2.9\tex\latex\koma-script\scrsize11pt.clo"
File: scrsize11pt.clo 2013/12/19 v3.12 KOMA-Script font size class option (11pt
)
)
("C:\Program Files (x86)\MiKTeX 2.9\tex\latex\koma-script\typearea.sty"
Package: typearea 2013/12/19 v3.12 KOMA-Script package (type area)

Package typearea, 2013/12/19 v3.12 KOMA-Script package (type area)
                  Copyright (C) Frank Neukam, 1992-1994
                  Copyright (C) Markus Kohm, 1994-

\ta@bcor=\skip41
\ta@div=\count79
Package typearea Info: You've used standard option `a4paper'.
(typearea)             This is correct!
(typearea)             Internally I'm using `paper=a4'.
(typearea)             If you'd like to set the option with \KOMAoptions,
(typearea)             you'd have to use `paper=a4' there
(typearea)             instead of `a4paper', too.
\ta@hblk=\skip42
\ta@vblk=\skip43
\ta@temp=\skip44
\footheight=\skip45
Package typearea Info: These are the values describing the layout:
(typearea)             DIV  = 10
(typearea)             BCOR = 0.0pt
(typearea)             \paperwidth      = 597.50793pt
(typearea)              \textwidth      = 418.25555pt
(typearea)              DIV departure   = -6%
(typearea)              \evensidemargin = 17.3562pt
(typearea)              \oddsidemargin  = 17.3562pt
(typearea)             \paperheight     = 845.04694pt
(typearea)              \textheight     = 595.80026pt
(typearea)              \topmargin      = -25.16531pt
(typearea)              \headheight     = 17.0pt
(typearea)              \headsep        = 20.40001pt
(typearea)              \topskip        = 11.0pt
(typearea)              \footskip       = 47.6pt
(typearea)              \baselineskip   = 13.6pt
(typearea)              on input line 1330.
)
\c@part=\count80
\c@chapter=\count81
\c@section=\count82
\c@subsection=\count83
\c@subsubsection=\count84
\c@paragraph=\count85
\c@subparagraph=\count86
\abovecaptionskip=\skip46
\belowcaptionskip=\skip47
\c@pti@nb@sid@b@x=\box26
\c@figure=\count87
\c@table=\count88
\bibindent=\dimen102
) ("C:\Program Files (x86)\MiKTeX 2.9\tex\generic\babel\babel.sty"
Package: babel 2008/07/08 v3.8m The Babel package

*************************************
* Local config file bblopts.cfg used
*
("C:\Program Files (x86)\MiKTeX 2.9\tex\latex\00miktex\bblopts.cfg"
File: bblopts.cfg 2006/07/31 v1.0 MiKTeX 'babel' configuration
)
("C:\Program Files (x86)\MiKTeX 2.9\tex\generic\babel\germanb.ldf"
Language: germanb 2008/06/01 v2.6m German support from the babel system

("C:\Program Files (x86)\MiKTeX 2.9\tex\generic\babel\babel.def"
File: babel.def 2008/07/08 v3.8m Babel common definitions
\babel@savecnt=\count89
\U@D=\dimen103
)
\l@austrian = a dialect from \language\l@german 
Package babel Info: Making " an active character on input line 102.
))
("C:\Program Files (x86)\MiKTeX 2.9\tex\latex\base\inputenc.sty"
Package: inputenc 2008/03/30 v1.1d Input encoding file
\inpenc@prehook=\toks15
\inpenc@posthook=\toks16

("C:\Program Files (x86)\MiKTeX 2.9\tex\latex\base\utf8.def"
File: utf8.def 2008/04/05 v1.1m UTF-8 support for inputenc
Now handling font encoding OML ...
... no UTF-8 mapping file for font encoding OML
Now handling font encoding T1 ...
... processing UTF-8 mapping file for font encoding T1

("C:\Program Files (x86)\MiKTeX 2.9\tex\latex\base\t1enc.dfu"
File: t1enc.dfu 2008/04/05 v1.1m UTF-8 support for inputenc
   defining Unicode char U+00A1 (decimal 161)
   defining Unicode char U+00A3 (decimal 163)
   defining Unicode char U+00AB (decimal 171)
   defining Unicode char U+00BB (decimal 187)
   defining Unicode char U+00BF (decimal 191)
   defining Unicode char U+00C0 (decimal 192)
   defining Unicode char U+00C1 (decimal 193)
   defining Unicode char U+00C2 (decimal 194)
   defining Unicode char U+00C3 (decimal 195)
   defining Unicode char U+00C4 (decimal 196)
   defining Unicode char U+00C5 (decimal 197)
   defining Unicode char U+00C6 (decimal 198)
   defining Unicode char U+00C7 (decimal 199)
   defining Unicode char U+00C8 (decimal 200)
   defining Unicode char U+00C9 (decimal 201)
   defining Unicode char U+00CA (decimal 202)
   defining Unicode char U+00CB (decimal 203)
   defining Unicode char U+00CC (decimal 204)
   defining Unicode char U+00CD (decimal 205)
   defining Unicode char U+00CE (decimal 206)
   defining Unicode char U+00CF (decimal 207)
   defining Unicode char U+00D0 (decimal 208)
   defining Unicode char U+00D1 (decimal 209)
   defining Unicode char U+00D2 (decimal 210)
   defining Unicode char U+00D3 (decimal 211)
   defining Unicode char U+00D4 (decimal 212)
   defining Unicode char U+00D5 (decimal 213)
   defining Unicode char U+00D6 (decimal 214)
   defining Unicode char U+00D8 (decimal 216)
   defining Unicode char U+00D9 (decimal 217)
   defining Unicode char U+00DA (decimal 218)
   defining Unicode char U+00DB (decimal 219)
   defining Unicode char U+00DC (decimal 220)
   defining Unicode char U+00DD (decimal 221)
   defining Unicode char U+00DE (decimal 222)
   defining Unicode char U+00DF (decimal 223)
   defining Unicode char U+00E0 (decimal 224)
   defining Unicode char U+00E1 (decimal 225)
   defining Unicode char U+00E2 (decimal 226)
   defining Unicode char U+00E3 (decimal 227)
   defining Unicode char U+00E4 (decimal 228)
   defining Unicode char U+00E5 (decimal 229)
   defining Unicode char U+00E6 (decimal 230)
   defining Unicode char U+00E7 (decimal 231)
   defining Unicode char U+00E8 (decimal 232)
   defining Unicode char U+00E9 (decimal 233)
   defining Unicode char U+00EA (decimal 234)
   defining Unicode char U+00EB (decimal 235)
   defining Unicode char U+00EC (decimal 236)
   defining Unicode char U+00ED (decimal 237)
   defining Unicode char U+00EE (decimal 238)
   defining Unicode char U+00EF (decimal 239)
   defining Unicode char U+00F0 (decimal 240)
   defining Unicode char U+00F1 (decimal 241)
   defining Unicode char U+00F2 (decimal 242)
   defining Unicode char U+00F3 (decimal 243)
   defining Unicode char U+00F4 (decimal 244)
   defining Unicode char U+00F5 (decimal 245)
   defining Unicode char U+00F6 (decimal 246)
   defining Unicode char U+00F8 (decimal 248)
   defining Unicode char U+00F9 (decimal 249)
   defining Unicode char U+00FA (decimal 250)
   defining Unicode char U+00FB (decimal 251)
   defining Unicode char U+00FC (decimal 252)
   defining Unicode char U+00FD (decimal 253)
   defining Unicode char U+00FE (decimal 254)
   defining Unicode char U+00FF (decimal 255)
   defining Unicode char U+0102 (decimal 258)
   defining Unicode char U+0103 (decimal 259)
   defining Unicode char U+0104 (decimal 260)
   defining Unicode char U+0105 (decimal 261)
   defining Unicode char U+0106 (decimal 262)
   defining Unicode char U+0107 (decimal 263)
   defining Unicode char U+010C (decimal 268)
   defining Unicode char U+010D (decimal 269)
   defining Unicode char U+010E (decimal 270)
   defining Unicode char U+010F (decimal 271)
   defining Unicode char U+0110 (decimal 272)
   defining Unicode char U+0111 (decimal 273)
   defining Unicode char U+0118 (decimal 280)
   defining Unicode char U+0119 (decimal 281)
   defining Unicode char U+011A (decimal 282)
   defining Unicode char U+011B (decimal 283)
   defining Unicode char U+011E (decimal 286)
   defining Unicode char U+011F (decimal 287)
   defining Unicode char U+0130 (decimal 304)
   defining Unicode char U+0131 (decimal 305)
   defining Unicode char U+0132 (decimal 306)
   defining Unicode char U+0133 (decimal 307)
   defining Unicode char U+0139 (decimal 313)
   defining Unicode char U+013A (decimal 314)
   defining Unicode char U+013D (decimal 317)
   defining Unicode char U+013E (decimal 318)
   defining Unicode char U+0141 (decimal 321)
   defining Unicode char U+0142 (decimal 322)
   defining Unicode char U+0143 (decimal 323)
   defining Unicode char U+0144 (decimal 324)
   defining Unicode char U+0147 (decimal 327)
   defining Unicode char U+0148 (decimal 328)
   defining Unicode char U+014A (decimal 330)
   defining Unicode char U+014B (decimal 331)
   defining Unicode char U+0150 (decimal 336)
   defining Unicode char U+0151 (decimal 337)
   defining Unicode char U+0152 (decimal 338)
   defining Unicode char U+0153 (decimal 339)
   defining Unicode char U+0154 (decimal 340)
   defining Unicode char U+0155 (decimal 341)
   defining Unicode char U+0158 (decimal 344)
   defining Unicode char U+0159 (decimal 345)
   defining Unicode char U+015A (decimal 346)
   defining Unicode char U+015B (decimal 347)
   defining Unicode char U+015E (decimal 350)
   defining Unicode char U+015F (decimal 351)
   defining Unicode char U+0160 (decimal 352)
   defining Unicode char U+0161 (decimal 353)
   defining Unicode char U+0162 (decimal 354)
   defining Unicode char U+0163 (decimal 355)
   defining Unicode char U+0164 (decimal 356)
   defining Unicode char U+0165 (decimal 357)
   defining Unicode char U+016E (decimal 366)
   defining Unicode char U+016F (decimal 367)
   defining Unicode char U+0170 (decimal 368)
   defining Unicode char U+0171 (decimal 369)
   defining Unicode char U+0178 (decimal 376)
   defining Unicode char U+0179 (decimal 377)
   defining Unicode char U+017A (decimal 378)
   defining Unicode char U+017B (decimal 379)
   defining Unicode char U+017C (decimal 380)
   defining Unicode char U+017D (decimal 381)
   defining Unicode char U+017E (decimal 382)
   defining Unicode char U+200C (decimal 8204)
   defining Unicode char U+2013 (decimal 8211)
   defining Unicode char U+2014 (decimal 8212)
   defining Unicode char U+2018 (decimal 8216)
   defining Unicode char U+2019 (decimal 8217)
   defining Unicode char U+201A (decimal 8218)
   defining Unicode char U+201C (decimal 8220)
   defining Unicode char U+201D (decimal 8221)
   defining Unicode char U+201E (decimal 8222)
   defining Unicode char U+2030 (decimal 8240)
   defining Unicode char U+2031 (decimal 8241)
   defining Unicode char U+2039 (decimal 8249)
   defining Unicode char U+203A (decimal 8250)
   defining Unicode char U+2423 (decimal 9251)
)
Now handling font encoding OT1 ...
... processing UTF-8 mapping file for font encoding OT1

("C:\Program Files (x86)\MiKTeX 2.9\tex\latex\base\ot1enc.dfu"
File: ot1enc.dfu 2008/04/05 v1.1m UTF-8 support for inputenc
   defining Unicode char U+00A1 (decimal 161)
   defining Unicode char U+00A3 (decimal 163)
   defining Unicode char U+00B8 (decimal 184)
   defining Unicode char U+00BF (decimal 191)
   defining Unicode char U+00C5 (decimal 197)
   defining Unicode char U+00C6 (decimal 198)
   defining Unicode char U+00D8 (decimal 216)
   defining Unicode char U+00DF (decimal 223)
   defining Unicode char U+00E6 (decimal 230)
   defining Unicode char U+00EC (decimal 236)
   defining Unicode char U+00ED (decimal 237)
   defining Unicode char U+00EE (decimal 238)
   defining Unicode char U+00EF (decimal 239)
   defining Unicode char U+00F8 (decimal 248)
   defining Unicode char U+0131 (decimal 305)
   defining Unicode char U+0141 (decimal 321)
   defining Unicode char U+0142 (decimal 322)
   defining Unicode char U+0152 (decimal 338)
   defining Unicode char U+0153 (decimal 339)
   defining Unicode char U+2013 (decimal 8211)
   defining Unicode char U+2014 (decimal 8212)
   defining Unicode char U+2018 (decimal 8216)
   defining Unicode char U+2019 (decimal 8217)
   defining Unicode char U+201C (decimal 8220)
   defining Unicode char U+201D (decimal 8221)
)
Now handling font encoding OMS ...
... processing UTF-8 mapping file for font encoding OMS

("C:\Program Files (x86)\MiKTeX 2.9\tex\latex\base\omsenc.dfu"
File: omsenc.dfu 2008/04/05 v1.1m UTF-8 support for inputenc
   defining Unicode char U+00A7 (decimal 167)
   defining Unicode char U+00B6 (decimal 182)
   defining Unicode char U+00B7 (decimal 183)
   defining Unicode char U+2020 (decimal 8224)
   defining Unicode char U+2021 (decimal 8225)
   defining Unicode char U+2022 (decimal 8226)
)
Now handling font encoding OMX ...
... no UTF-8 mapping file for font encoding OMX
Now handling font encoding U ...
... no UTF-8 mapping file for font encoding U
   defining Unicode char U+00A9 (decimal 169)
   defining Unicode char U+00AA (decimal 170)
   defining Unicode char U+00AE (decimal 174)
   defining Unicode char U+00BA (decimal 186)
   defining Unicode char U+02C6 (decimal 710)
   defining Unicode char U+02DC (decimal 732)
   defining Unicode char U+200C (decimal 8204)
   defining Unicode char U+2026 (decimal 8230)
   defining Unicode char U+2122 (decimal 8482)
   defining Unicode char U+2423 (decimal 9251)
))
("C:\Program Files (x86)\MiKTeX 2.9\tex\latex\base\fontenc.sty"
Package: fontenc 2005/09/27 v1.99g Standard LaTeX package

("C:\Program Files (x86)\MiKTeX 2.9\tex\latex\base\t1enc.def"
File: t1enc.def 2005/09/27 v1.99g Standard LaTeX file
LaTeX Font Info:    Redeclaring font encoding T1 on input line 43.
))
("C:\Program Files (x86)\MiKTeX 2.9\tex\latex\ae\ae.sty"
Package: ae 2001/02/12 1.3 Almost European Computer Modern

("C:\Program Files (x86)\MiKTeX 2.9\tex\latex\base\fontenc.sty"
Package: fontenc 2005/09/27 v1.99g Standard LaTeX package

("C:\Program Files (x86)\MiKTeX 2.9\tex\latex\base\t1enc.def"
File: t1enc.def 2005/09/27 v1.99g Standard LaTeX file
LaTeX Font Info:    Redeclaring font encoding T1 on input line 43.
)
LaTeX Font Info:    Try loading font information for T1+aer on input line 100.

("C:\Program Files (x86)\MiKTeX 2.9\tex\latex\ae\t1aer.fd"
File: t1aer.fd 1997/11/16 Font definitions for T1/aer.
)))
("C:\Program Files (x86)\MiKTeX 2.9\tex\latex\hyperref\hyperref.sty"
Package: hyperref 2012/11/06 v6.83m Hypertext links for LaTeX

("C:\Program Files (x86)\MiKTeX 2.9\tex\generic\oberdiek\hobsub-hyperref.sty"
Package: hobsub-hyperref 2012/04/25 v1.12 Bundle oberdiek, subset hyperref (HO)


("C:\Program Files (x86)\MiKTeX 2.9\tex\generic\oberdiek\hobsub-generic.sty"
Package: hobsub-generic 2012/04/25 v1.12 Bundle oberdiek, subset generic (HO)
Package: hobsub 2012/04/25 v1.12 Construct package bundles (HO)
Package: infwarerr 2010/04/08 v1.3 Providing info/warning/error messages (HO)
Package: ltxcmds 2011/11/09 v1.22 LaTeX kernel commands for general use (HO)
Package: ifluatex 2010/03/01 v1.3 Provides the ifluatex switch (HO)
Package ifluatex Info: LuaTeX not detected.
Package: ifvtex 2010/03/01 v1.5 Detect VTeX and its facilities (HO)
Package ifvtex Info: VTeX not detected.
Package: intcalc 2007/09/27 v1.1 Expandable calculations with integers (HO)
Package: ifpdf 2011/01/30 v2.3 Provides the ifpdf switch (HO)
Package ifpdf Info: pdfTeX in PDF mode is detected.
Package: etexcmds 2011/02/16 v1.5 Avoid name clashes with e-TeX commands (HO)
Package etexcmds Info: Could not find \expanded.
(etexcmds)             That can mean that you are not using pdfTeX 1.50 or
(etexcmds)             that some package has redefined \expanded.
(etexcmds)             In the latter case, load this package earlier.
Package: kvsetkeys 2012/04/25 v1.16 Key value parser (HO)
Package: kvdefinekeys 2011/04/07 v1.3 Define keys (HO)
Package: pdftexcmds 2011/11/29 v0.20 Utility functions of pdfTeX for LuaTeX (HO
)
Package pdftexcmds Info: LuaTeX not detected.
Package pdftexcmds Info: \pdf@primitive is available.
Package pdftexcmds Info: \pdf@ifprimitive is available.
Package pdftexcmds Info: \pdfdraftmode found.
Package: pdfescape 2011/11/25 v1.13 Implements pdfTeX's escape features (HO)
Package: bigintcalc 2012/04/08 v1.3 Expandable calculations on big integers (HO
)
Package: bitset 2011/01/30 v1.1 Handle bit-vector datatype (HO)
Package: uniquecounter 2011/01/30 v1.2 Provide unlimited unique counter (HO)
)
Package hobsub Info: Skipping package `hobsub' (already loaded).
Package: letltxmacro 2010/09/02 v1.4 Let assignment for LaTeX macros (HO)
Package: hopatch 2011/06/24 v1.1 Wrapper for package hooks (HO)
Package: xcolor-patch 2011/01/30 xcolor patch
Package: atveryend 2011/06/30 v1.8 Hooks at the very end of document (HO)
Package atveryend Info: \enddocument detected (standard20110627).
Package: atbegshi 2011/10/05 v1.16 At begin shipout hook (HO)
Package: refcount 2011/10/16 v3.4 Data extraction from label references (HO)
Package: hycolor 2011/01/30 v1.7 Color options for hyperref/bookmark (HO)
)
("C:\Program Files (x86)\MiKTeX 2.9\tex\generic\ifxetex\ifxetex.sty"
Package: ifxetex 2010/09/12 v0.6 Provides ifxetex conditional
)
("C:\Program Files (x86)\MiKTeX 2.9\tex\latex\oberdiek\auxhook.sty"
Package: auxhook 2011/03/04 v1.3 Hooks for auxiliary files (HO)
)
("C:\Program Files (x86)\MiKTeX 2.9\tex\latex\oberdiek\kvoptions.sty"
Package: kvoptions 2011/06/30 v3.11 Key value format for package options (HO)
)
\@linkdim=\dimen104
\Hy@linkcounter=\count90
\Hy@pagecounter=\count91

("C:\Program Files (x86)\MiKTeX 2.9\tex\latex\hyperref\pd1enc.def"
File: pd1enc.def 2012/11/06 v6.83m Hyperref: PDFDocEncoding definition (HO)
Now handling font encoding PD1 ...
... no UTF-8 mapping file for font encoding PD1
)
\Hy@SavedSpaceFactor=\count92

("C:\Program Files (x86)\MiKTeX 2.9\tex\latex\00miktex\hyperref.cfg"
File: hyperref.cfg 2002/06/06 v1.2 hyperref configuration of TeXLive
)
Package hyperref Info: Option `bookmarks' set `true' on input line 4319.
Package hyperref Info: Option `bookmarksnumbered' set `true' on input line 4319
.
Package hyperref Info: Hyper figures OFF on input line 4443.
Package hyperref Info: Link nesting OFF on input line 4448.
Package hyperref Info: Hyper index ON on input line 4451.
Package hyperref Info: Plain pages OFF on input line 4458.
Package hyperref Info: Backreferencing OFF on input line 4463.
Package hyperref Info: Implicit mode ON; LaTeX internals redefined.
Package hyperref Info: Bookmarks ON on input line 4688.
\c@Hy@tempcnt=\count93

("C:\Program Files (x86)\MiKTeX 2.9\tex\latex\url\url.sty"
\Urlmuskip=\muskip10
Package: url 2013/09/16  ver 3.4  Verb mode for urls, etc.
)
LaTeX Info: Redefining \url on input line 5041.
\XeTeXLinkMargin=\dimen105
\Fld@menulength=\count94
\Field@Width=\dimen106
\Fld@charsize=\dimen107
Package hyperref Info: Hyper figures OFF on input line 6295.
Package hyperref Info: Link nesting OFF on input line 6300.
Package hyperref Info: Hyper index ON on input line 6303.
Package hyperref Info: backreferencing OFF on input line 6310.
Package hyperref Info: Link coloring OFF on input line 6315.
Package hyperref Info: Link coloring with OCG OFF on input line 6320.
Package hyperref Info: PDF/A mode OFF on input line 6325.
LaTeX Info: Redefining \ref on input line 6365.
LaTeX Info: Redefining \pageref on input line 6369.
\Hy@abspage=\count95
\c@Item=\count96
\c@Hfootnote=\count97
)

Package hyperref Message: Driver (autodetected): hpdftex.

("C:\Program Files (x86)\MiKTeX 2.9\tex\latex\hyperref\hpdftex.def"
File: hpdftex.def 2012/11/06 v6.83m Hyperref driver for pdfTeX
\Fld@listcount=\count98
\c@bookmark@seq@number=\count99

("C:\Program Files (x86)\MiKTeX 2.9\tex\latex\oberdiek\rerunfilecheck.sty"
Package: rerunfilecheck 2011/04/15 v1.7 Rerun checks for auxiliary files (HO)
Package uniquecounter Info: New unique counter `rerunfilecheck' on input line 2
82.
)
\Hy@SectionHShift=\skip48
)
("C:\Program Files (x86)\MiKTeX 2.9\tex\latex\graphics\graphicx.sty"
Package: graphicx 1999/02/16 v1.0f Enhanced LaTeX Graphics (DPC,SPQR)

("C:\Program Files (x86)\MiKTeX 2.9\tex\latex\graphics\graphics.sty"
Package: graphics 2009/02/05 v1.0o Standard LaTeX Graphics (DPC,SPQR)

("C:\Program Files (x86)\MiKTeX 2.9\tex\latex\graphics\trig.sty"
Package: trig 1999/03/16 v1.09 sin cos tan (DPC)
)
("C:\Program Files (x86)\MiKTeX 2.9\tex\latex\00miktex\graphics.cfg"
File: graphics.cfg 2007/01/18 v1.5 graphics configuration of teTeX/TeXLive
)
Package graphics Info: Driver file: pdftex.def on input line 91.

("C:\Program Files (x86)\MiKTeX 2.9\tex\latex\pdftex-def\pdftex.def"
File: pdftex.def 2011/05/27 v0.06d Graphics/color for pdfTeX
\Gread@gobject=\count100
))
\Gin@req@height=\dimen108
\Gin@req@width=\dimen109
)
("C:\Program Files (x86)\MiKTeX 2.9\tex\latex\floatflt\floatflt.sty"
Package: floatflt 1997/07/16 v. 1.31
\c@OptionTest=\count101
\figbox=\box27
\tabbox=\box28
\pagebox=\box29
\ffigcount=\count102
\ftabcount=\count103
\fftest=\count104
\hangcount=\count105
\nosuccesstryfig=\count106
\nosuccesstrytab=\count107
\figgutter=\dimen110
\tabgutter=\dimen111
\htdone=\dimen112
\pageht=\dimen113
\startpageht=\dimen114
\tabbredd=\dimen115
\floatfltwidth=\dimen116
\fltitemwidth=\dimen117
\outputpretest=\toks17
)
("C:\Program Files (x86)\MiKTeX 2.9\tex\latex\enumitem\enumitem.sty"
Package: enumitem 2011/09/28 v3.5.2 Customized lists
\labelindent=\skip49
\enit@outerparindent=\dimen118
\enit@toks=\toks18
\enit@inbox=\box30
\enitdp@description=\count108
)
("C:\Program Files (x86)\MiKTeX 2.9\tex\latex\psnfss\pifont.sty"
Package: pifont 2005/04/12 PSNFSS-v9.2a Pi font support (SPQR) 
LaTeX Font Info:    Try loading font information for U+pzd on input line 63.

("C:\Program Files (x86)\MiKTeX 2.9\tex\latex\psnfss\upzd.fd"
File: upzd.fd 2001/06/04 font definitions for U/pzd.
)
LaTeX Font Info:    Try loading font information for U+psy on input line 64.

("C:\Program Files (x86)\MiKTeX 2.9\tex\latex\psnfss\upsy.fd"
File: upsy.fd 2001/06/04 font definitions for U/psy.
))
(C:\Users\Nutzer\Documents\Studium\2014_Wintersemester\SWT-Projekt\ILIAS-Review
-Project-Documentation\Entwicklerdokumentation\Entwicklerdokumentation.aux)
LaTeX Font Info:    Checking defaults for OML/cmm/m/it on input line 14.
LaTeX Font Info:    ... okay on input line 14.
LaTeX Font Info:    Checking defaults for T1/cmr/m/n on input line 14.
LaTeX Font Info:    ... okay on input line 14.
LaTeX Font Info:    Checking defaults for OT1/cmr/m/n on input line 14.
LaTeX Font Info:    ... okay on input line 14.
LaTeX Font Info:    Checking defaults for OMS/cmsy/m/n on input line 14.
LaTeX Font Info:    ... okay on input line 14.
LaTeX Font Info:    Checking defaults for OMX/cmex/m/n on input line 14.
LaTeX Font Info:    ... okay on input line 14.
LaTeX Font Info:    Checking defaults for U/cmr/m/n on input line 14.
LaTeX Font Info:    ... okay on input line 14.
LaTeX Font Info:    Checking defaults for PD1/pdf/m/n on input line 14.
LaTeX Font Info:    ... okay on input line 14.
\AtBeginShipoutBox=\box31
Package hyperref Info: Link coloring OFF on input line 14.

("C:\Program Files (x86)\MiKTeX 2.9\tex\latex\hyperref\nameref.sty"
Package: nameref 2012/10/27 v2.43 Cross-referencing by name of section

("C:\Program Files (x86)\MiKTeX 2.9\tex\generic\oberdiek\gettitlestring.sty"
Package: gettitlestring 2010/12/03 v1.4 Cleanup title references (HO)
)
\c@section@level=\count109
)
LaTeX Info: Redefining \ref on input line 14.
LaTeX Info: Redefining \pageref on input line 14.
LaTeX Info: Redefining \nameref on input line 14.

(C:\Users\Nutzer\Documents\Studium\2014_Wintersemester\SWT-Projekt\ILIAS-Review
-Project-Documentation\Entwicklerdokumentation\Entwicklerdokumentation.out)
(C:\Users\Nutzer\Documents\Studium\2014_Wintersemester\SWT-Projekt\ILIAS-Review
-Project-Documentation\Entwicklerdokumentation\Entwicklerdokumentation.out)
\@outlinefile=\write3

("C:\Program Files (x86)\MiKTeX 2.9\tex\context\base\supp-pdf.mkii"
[Loading MPS to PDF converter (version 2006.09.02).]
\scratchcounter=\count110
\scratchdimen=\dimen119
\scratchbox=\box32
\nofMPsegments=\count111
\nofMParguments=\count112
\everyMPshowfont=\toks19
\MPscratchCnt=\count113
\MPscratchDim=\dimen120
\MPnumerator=\count114
\makeMPintoPDFobject=\count115
\everyMPtoPDFconversion=\toks20
)
LaTeX Font Info:    Try loading font information for T1+aess on input line 21.
 ("C:\Program Files (x86)\MiKTeX 2.9\tex\latex\ae\t1aess.fd"
File: t1aess.fd 1997/11/16 Font definitions for T1/aess.
)
LaTeX Font Info:    External font `cmex10' loaded for size
(Font)              <14.4> on input line 21.
LaTeX Font Info:    External font `cmex10' loaded for size
(Font)              <7> on input line 21.
 [1



{C:/ProgramData/MiKTeX/2.9/pdftex/config/pdftex.map}]
(C:\Users\Nutzer\Documents\Studium\2014_Wintersemester\SWT-Projekt\ILIAS-Review
-Project-Documentation\Entwicklerdokumentation\Entwicklerdokumentation.toc
LaTeX Font Info:    External font `cmex10' loaded for size
(Font)              <10.95> on input line 3.
LaTeX Font Info:    External font `cmex10' loaded for size
(Font)              <8> on input line 3.
LaTeX Font Info:    External font `cmex10' loaded for size
(Font)              <6> on input line 3.

[2

])
\tf@toc=\write4
 [3]
Kapitel 1.
LaTeX Font Info:    External font `cmex10' loaded for size
(Font)              <9> on input line 28.
LaTeX Font Info:    External font `cmex10' loaded for size
(Font)              <5> on input line 28.
LaTeX Font Info:    Try loading font information for T1+aett on input line 28.
("C:\Program Files (x86)\MiKTeX 2.9\tex\latex\ae\t1aett.fd"
File: t1aett.fd 1997/11/16 Font definitions for T1/aett.
)
Underfull \hbox (badness 10000) in paragraph at lines 28--28
[][][][]$\T1/aett/m/n/9 http : / / www . ilias . de / docu / ilias . php ? base
Class = ilrepositorygui & reloadpublic = 1 & cmd =$
 []


Underfull \hbox (badness 10000) in paragraph at lines 48--48
[]\T1/aer/m/n/10.95 Mitarbeiterin
 []


Underfull \hbox (badness 2573) in paragraph at lines 48--48
\T1/aer/m/n/10.95 an der Fa-kul-tät
 []


Underfull \hbox (badness 1043) in paragraph at lines 48--48
\T1/aer/m/n/10.95 hö-rig zum Lehr-
 []


Underfull \hbox (badness 10000) in paragraph at lines 48--48
\T1/aer/m/n/10.95 stuhl Systems-
 []


Underfull \hbox (badness 3240) in paragraph at lines 48--48
[]\T1/aer/m/n/10.95 -möchte in ih-rer Ar-
 []


Underfull \hbox (badness 2753) in paragraph at lines 48--48
\T1/aer/m/n/10.95 beits-grup-pe Ili-as nut-
 []


Underfull \hbox (badness 10000) in paragraph at lines 49--49
[]\T1/aer/m/n/10.95 Arbeitet am
 []


Underfull \hbox (badness 10000) in paragraph at lines 50--50
[]\T1/aer/m/n/10.95 Prof. Dr. Heinz-
 []


Underfull \hbox (badness 10000) in paragraph at lines 50--50
[]\T1/aer/m/n/10.95 Fachlicher
 []


Underfull \hbox (badness 10000) in paragraph at lines 50--50
\T1/aer/m/n/10.95 An-sprech-
 []


Underfull \hbox (badness 10000) in paragraph at lines 50--50
[]\T1/aer/m/n/10.95 Professor aus
 []


Underfull \hbox (badness 2521) in paragraph at lines 50--50
\T1/aer/m/n/10.95 Leip-zig der sich
 []


Underfull \hbox (badness 1127) in paragraph at lines 50--50
\T1/aer/m/n/10.95 mit dem The-ma
 []


Underfull \hbox (badness 10000) in paragraph at lines 50--50
\T1/aer/m/n/10.95 su-ren re-view-en)
 []

[4

] [5]
Kapitel 2.
[6

]
Kapitel 3.
<Component_Diagram__Topleveldiagramm.png, id=272, 797.98125pt x 612.2875pt>
File: Component_Diagram__Topleveldiagramm.png Graphic file (type png)

<use Component_Diagram__Topleveldiagramm.png>
Package pdftex.def Info: Component_Diagram__Topleveldiagramm.png used on input 
line 64.
(pdftex.def)             Requested size: 418.25555pt x 320.92322pt.
 [7

 <C:/Users/Nutzer/Documents/Studium/2014_Wintersemester/SWT-Projekt/ILIAS-Revie
w-Project-Documentation/Entwicklerdokumentation/Component_Diagram__Topleveldiag
ramm.png (PNG copy)>]
<Use_Case_Diagram__Reviewplugin.png, id=278, 698.61pt x 456.70625pt>
File: Use_Case_Diagram__Reviewplugin.png Graphic file (type png)

<use Use_Case_Diagram__Reviewplugin.png>
Package pdftex.def Info: Use_Case_Diagram__Reviewplugin.png used on input line 
75.
(pdftex.def)             Requested size: 418.25555pt x 273.4335pt.

Overfull \hbox (1.3005pt too wide) in paragraph at lines 79--79
[]\T1/aer/m/n/10.95 Nr.| 
 []


Overfull \hbox (1.3005pt too wide) in paragraph at lines 79--79
[]\T1/aer/m/n/10.95 Nr.| 
 []


Underfull \hbox (badness 7397) in paragraph at lines 80--80
[]\T1/aer/m/n/10.95 Ein Ad-mi-ni-stra-
 []


Underfull \hbox (badness 6910) in paragraph at lines 80--80
\T1/aer/m/n/10.95 tor for-dert Re-
 []


Underfull \hbox (badness 6493) in paragraph at lines 80--80
\T1/aer/m/n/10.95 Fra-ge zu-ge-ord-ne-ten Re-
 []


Underfull \hbox (badness 6493) in paragraph at lines 80--80
\T1/aer/m/n/10.95 view-er wer-den er-mit-telt
 []


Underfull \hbox (badness 7759) in paragraph at lines 80--80
\T1/aer/m/n/10.95 den dar-über in-for-miert,
 []


Underfull \hbox (badness 2635) in paragraph at lines 80--80
\T1/aer/m/n/10.95 dass sie ein Re-view zu
 []


Underfull \hbox (badness 3333) in paragraph at lines 81--81
[]\T1/aer/m/n/10.95 Die be-reits vor-han-de-nen
 []


Underfull \hbox (badness 2753) in paragraph at lines 82--82
[]\T1/aer/m/n/10.95 Reviewer er-stellt
 []


Underfull \hbox (badness 10000) in paragraph at lines 82--82
\T1/aer/m/n/10.95 Da-ten-bank ge-spei-chert.
 []


Underfull \hbox (badness 10000) in paragraph at lines 82--82
\T1/aer/m/n/10.95 Zu-dem wird ver-merkt
 []


Underfull \hbox (badness 1484) in paragraph at lines 85--85
[]\T1/aer/m/n/10.95 Autor be-trach-tet
 []


Underfull \hbox (badness 1661) in paragraph at lines 85--85
[]\T1/aer/m/n/10.95 Es sind Re-views vor-
 []


Underfull \hbox (badness 10000) in paragraph at lines 85--85
[]\T1/aer/m/n/10.95 Der Au-tor er-hält ei-ne
 []


Underfull \hbox (badness 3930) in paragraph at lines 85--85
\T1/aer/m/n/10.95 Über-sicht über al-le be-
 []


Underfull \hbox (badness 1642) in paragraph at lines 85--85
\T1/aer/m/n/10.95 reits ge-ge-be-nen Re-views,
 []


Underfull \hbox (badness 10000) in paragraph at lines 85--85
\T1/aer/m/n/10.95 al-ler-dings kann er die
 []


Underfull \hbox (badness 10000) in paragraph at lines 85--85
\T1/aer/m/n/10.95 In-for-ma-tio-nen zu den
 []


Underfull \hbox (badness 1661) in paragraph at lines 86--86
[]\T1/aer/m/n/10.95 Es sind Re-views vor-
 []


Underfull \hbox (badness 2538) in paragraph at lines 86--86
\T1/aer/m/n/10.95 über die ge-ge-be-nen Re-
 []

[8 <C:/Users/Nutzer/Documents/Studium/2014_Wintersemester/SWT-Projekt/ILIAS-Rev
iew-Project-Documentation/Entwicklerdokumentation/Use_Case_Diagram__Reviewplugi
n.png (PNG copy)>] [9]
<Use_Case_Diagram__Fragepool.png, id=287, 470.75874pt x 311.1625pt>
File: Use_Case_Diagram__Fragepool.png Graphic file (type png)

<use Use_Case_Diagram__Fragepool.png>
Package pdftex.def Info: Use_Case_Diagram__Fragepool.png used on input line 93.

(pdftex.def)             Requested size: 334.60571pt x 221.16907pt.

Overfull \hbox (1.3005pt too wide) in paragraph at lines 97--97
[]\T1/aer/m/n/10.95 Nr.| 
 []


Overfull \hbox (1.3005pt too wide) in paragraph at lines 97--97
[]\T1/aer/m/n/10.95 Nr.| 
 []


Underfull \hbox (badness 1635) in paragraph at lines 98--98
[]\T1/aer/m/n/10.95 Zugehörige Re-views wer-
 []

[10 <C:/Users/Nutzer/Documents/Studium/2014_Wintersemester/SWT-Projekt/ILIAS-Re
view-Project-Documentation/Entwicklerdokumentation/Use_Case_Diagram__Fragepool.
png (PNG copy)>]
Kapitel 4.

Underfull \hbox (badness 10000) in paragraph at lines 105--110

 []


Underfull \hbox (badness 10000) in paragraph at lines 113--117

 []


Underfull \hbox (badness 10000) in paragraph at lines 120--120
[][][][]$\T1/aett/m/n/9 http : / / www . ilias . de / docu / ilias . php ? ref 
_ id = 42 & obj _ id = 27029 & cmd = layout & cmdClass =$
 []


Underfull \hbox (badness 10000) in paragraph at lines 120--128

 []

[11

]
Underfull \hbox (badness 10000) in paragraph at lines 131--132

 []


Underfull \hbox (badness 10000) in paragraph at lines 135--138

 []


Underfull \hbox (badness 10000) in paragraph at lines 139--142

 []


Underfull \hbox (badness 10000) in paragraph at lines 143--146

 []


Underfull \hbox (badness 10000) in paragraph at lines 147--151

 []


Underfull \hbox (badness 10000) in paragraph at lines 152--154

 []


Underfull \hbox (badness 10000) in paragraph at lines 155--157

 []


Overfull \hbox (40.59743pt too wide) in paragraph at lines 161--163
\T1/aer/m/n/10.95 Füllt die Auf-klapp-menüs Ta-xo-no-mie('taxonomy') und Wis-se
ns-di-men-si-on('knowledge_dimension')
 []


Underfull \hbox (badness 10000) in paragraph at lines 161--163

 []

[12]
Underfull \hbox (badness 10000) in paragraph at lines 164--166

 []


Underfull \hbox (badness 10000) in paragraph at lines 167--169

 []


Underfull \hbox (badness 10000) in paragraph at lines 170--172

 []


Underfull \hbox (badness 10000) in paragraph at lines 173--175

 []


Underfull \hbox (badness 10000) in paragraph at lines 176--178

 []


Underfull \hbox (badness 10000) in paragraph at lines 191--200

 []

[13]
Underfull \hbox (badness 10000) in paragraph at lines 203--206

 []


Underfull \hbox (badness 10000) in paragraph at lines 207--209

 []


Underfull \hbox (badness 10000) in paragraph at lines 210--212

 []


Underfull \hbox (badness 10000) in paragraph at lines 213--215

 []

[14]
Underfull \hbox (badness 10000) in paragraph at lines 218--223

 []


Underfull \hbox (badness 10000) in paragraph at lines 224--226

 []


Underfull \hbox (badness 10000) in paragraph at lines 229--231

 []


Underfull \hbox (badness 10000) in paragraph at lines 234--237

 []


Underfull \hbox (badness 10000) in paragraph at lines 240--243

 []

[15]
Underfull \hbox (badness 10000) in paragraph at lines 246--247

 []


Underfull \hbox (badness 10000) in paragraph at lines 250--252

 []


Overfull \hbox (5.02141pt too wide) in paragraph at lines 255--257
[]\T1/aer/m/n/10.95 Durch ge-tAf-ter-Crea-tion-Cmd und get-Stan-dard-Cmd be-sti
mmt, wird bei Auf-ruf des Review-
 []


Underfull \hbox (badness 10000) in paragraph at lines 255--257

 []


Underfull \hbox (badness 10000) in paragraph at lines 260--263

 []


Underfull \hbox (badness 10000) in paragraph at lines 266--267

 []


Underfull \hbox (badness 10000) in paragraph at lines 270--271

 []

[16]
Underfull \hbox (badness 10000) in paragraph at lines 300--302

 []


Underfull \hbox (badness 10000) in paragraph at lines 305--306

 []

[17]
Overfull \hbox (17.0102pt too wide) in paragraph at lines 313--316
\T1/aer/m/n/10.95 Die Review-Ausgabeklasse il-Re-view-Out-put-GUI er-wei-tert e
ben-falls il-Ta-ble2GUI, um Review-
 []


Underfull \hbox (badness 10000) in paragraph at lines 313--316

 []


Underfull \hbox (badness 10000) in paragraph at lines 319--320

 []


Overfull \hbox (34.26616pt too wide) in paragraph at lines 321--333
[][] 
 []

[18]
Kapitel 5.

<Class_Diagram__Entwurfsklassendiagramm.png, id=340, 2388.925pt x 2540.49126pt>
File: Class_Diagram__Entwurfsklassendiagramm.png Graphic file (type png)
<use Class_Diagram__Entwurfsklassendiagramm.png>
Package pdftex.def Info: Class_Diagram__Entwurfsklassendiagramm.png used on inp
ut line 339.
(pdftex.def)             Requested size: 388.9746pt x 413.61961pt.

Underfull \hbox (badness 10000) in paragraph at lines 339--341

 []

[19

 <C:/Users/Nutzer/Documents/Studium/2014_Wintersemester/SWT-Projekt/ILIAS-Revie
w-Project-Documentation/Entwicklerdokumentation/Class_Diagram__Entwurfsklassend
iagramm.png (PNG copy)>]
Underfull \hbox (badness 10000) in paragraph at lines 346--347

 []


Underfull \hbox (badness 10000) in paragraph at lines 350--351

 []


Underfull \hbox (badness 10000) in paragraph at lines 353--353
[][][]\T1/aett/m/n/9 Achtung: Für das Funk-tio-nie-ren die-ser Funk-ti-on muss 
das Review-Plugin zwin-gend in-stal-
 []


Underfull \hbox (badness 10000) in paragraph at lines 352--355

 []


Underfull \hbox (badness 10000) in paragraph at lines 356--357

 []


Overfull \hbox (7.01367pt too wide) in paragraph at lines 358--359
\T1/aer/m/n/10.95 sitzt die Funk-ti-on 'fromXML()', wel-che die glei-chen Be-fe
h-le aus-führt, wie die 'fromXML()'-
 []


Underfull \hbox (badness 10000) in paragraph at lines 358--359

 []


Overfull \hbox (5.05386pt too wide) in paragraph at lines 360--361
[]\T1/aer/m/n/10.95 Die Klas-sen 'ilAssRe-view-a-ble-Mul-ti-pleChoi-ce-Feed-bac
k' und 'ilassRe-view-a-ble-Mul-ti-pleChoi-
 []


Underfull \hbox (badness 10000) in paragraph at lines 360--361

 []


Underfull \hbox (badness 10000) in paragraph at lines 364--365

 []

[20]
Overfull \hbox (11.77711pt too wide) in paragraph at lines 374--375
[]\T1/aer/m/n/10.95 Die 'notify'-Methoden die-ser Klas-se die-nen zur Vor-be-re
i-tung von ILIAS-Systemnachrichten,
 []


Overfull \hbox (9.18153pt too wide) in paragraph at lines 376--378
\T1/aer/m/n/10.95 'per-form-Com-mand()', 'ge-tAf-ter-Crea-tion-Cmd()', 'get-Sta
n-dard-Cmd()' und 'setTabs()'. Mit-
 []


Overfull \hbox (27.66481pt too wide) in paragraph at lines 379--380
[]\T1/aer/m/n/10.95 Die mit 'in-it' be-gin-nen-den Me-tho-den die-ser Klas-se e
r-stel-len die ei-gent-li-chen GUI-Komponenten
 []


Underfull \hbox (badness 10000) in paragraph at lines 379--380

 []


Underfull \hbox (badness 10000) in paragraph at lines 381--383

 []


Overfull \hbox (19.12434pt too wide) in paragraph at lines 384--385
[]\T1/aer/m/n/10.95 Die Klas-se il-Ob-jRe-view-Ac-cess im-ple-men-tiert zu-sätz
-lich noch die sta-ti-sche Me-tho-de 'checkAc-
 []


Underfull \hbox (badness 10000) in paragraph at lines 384--385

 []


Underfull \hbox (badness 10000) in paragraph at lines 386--388

 []


Overfull \hbox (4.56053pt too wide) in paragraph at lines 389--392
[]\T1/aer/m/n/10.95 Die GUI-Klassen il-Que-stion-Fi-nis-h-Table-GUI, il-Re-view
-Table-GUI, il-Que-sti-on-Table-GUI und
 []

[21]
Underfull \hbox (badness 10000) in paragraph at lines 393--394

 []


Underfull \hbox (badness 10000) in paragraph at lines 403--404

 []


Underfull \hbox (badness 10000) in paragraph at lines 405--407

 []

[22]
Kapitel 6.

<Sequence_Diagram__saveFinishQuestions__saveFinishQuestions.png, id=365, 1078.0
275pt x 692.5875pt>
File: Sequence_Diagram__saveFinishQuestions__saveFinishQuestions.png Graphic fi
le (type png)

<use Sequence_Diagram__saveFinishQuestions__saveFinishQuestions.png>
Package pdftex.def Info: Sequence_Diagram__saveFinishQuestions__saveFinishQuest
ions.png used on input line 424.
(pdftex.def)             Requested size: 418.25555pt x 268.71306pt.
 [23

]
<Sequence_Diagram__initQuestionFinishForm__initQuestionFinishForm.png, id=371, 
930.47626pt x 318.18875pt>
File: Sequence_Diagram__initQuestionFinishForm__initQuestionFinishForm.png Grap
hic file (type png)

<use Sequence_Diagram__initQuestionFinishForm__initQuestionFinishForm.png>
Package pdftex.def Info: Sequence_Diagram__initQuestionFinishForm__initQuestion
FinishForm.png used on input line 436.
(pdftex.def)             Requested size: 418.25555pt x 143.02824pt.

[24 <C:/Users/Nutzer/Documents/Studium/2014_Wintersemester/SWT-Projekt/ILIAS-Re
view-Project-Documentation/Entwicklerdokumentation/Sequence_Diagram__saveFinish
Questions__saveFinishQuestions.png (PNG copy)> <C:/Users/Nutzer/Documents/Studi
um/2014_Wintersemester/SWT-Projekt/ILIAS-Review-Project-Documentation/Entwickle
rdokumentation/Sequence_Diagram__initQuestionFinishForm__initQuestionFinishForm
.png (PNG copy)>]
Overfull \hbox (18.69763pt too wide) in paragraph at lines 441--443
\T1/aer/m/n/10.95 Objekte wer-den auch bei un-se-ren ei-ge-nen GUI-Komponenten 
mit-hil-fe des 'global'-Statements
 []

[25]
Kapitel 7.
<Class_Diagram__Analyseklassendiagramm.png, id=381, 794.97pt x 516.93124pt>
File: Class_Diagram__Analyseklassendiagramm.png Graphic file (type png)

<use Class_Diagram__Analyseklassendiagramm.png>
Package pdftex.def Info: Class_Diagram__Analyseklassendiagramm.png used on inpu
t line 450.
(pdftex.def)             Requested size: 418.25555pt x 271.97665pt.
 [26

 <C:/Users/Nutzer/Documents/Studium/2014_Wintersemester/SWT-Projekt/ILIAS-Revie
w-Project-Documentation/Entwicklerdokumentation/Class_Diagram__Analyseklassendi
agramm.png (PNG copy)>]
Underfull \hbox (badness 10000) in paragraph at lines 457--458

 []


<Sequence_Diagram__Review_anfordern__Review_anfordern.png, id=386, 413.545pt x 
374.39874pt>
File: Sequence_Diagram__Review_anfordern__Review_anfordern.png Graphic file (ty
pe png)
 <use Sequence_Diagram__Review_anfordern__Review_anfordern.png>
Package pdftex.def Info: Sequence_Diagram__Review_anfordern__Review_anfordern.p
ng used on input line 459.
(pdftex.def)             Requested size: 292.7776pt x 265.07086pt.

[27 <C:/Users/Nutzer/Documents/Studium/2014_Wintersemester/SWT-Projekt/ILIAS-Re
view-Project-Documentation/Entwicklerdokumentation/Sequence_Diagram__Review_anf
ordern__Review_anfordern.png (PNG copy)>]
Underfull \hbox (badness 10000) in paragraph at lines 466--467

 []


<Sequence_Diagram__Review_erstellen__Review_erstellen.png, id=391, 392.46625pt 
x 371.3875pt>
File: Sequence_Diagram__Review_erstellen__Review_erstellen.png Graphic file (ty
pe png)
 <use Sequence_Diagram__Review_erstellen__Review_erstellen.png>
Package pdftex.def Info: Sequence_Diagram__Review_erstellen__Review_erstellen.p
ng used on input line 468.
(pdftex.def)             Requested size: 271.86356pt x 257.27768pt.

<User_Interface_Modeling_Diagram__InputForm.png, id=394, 625.33624pt x 962.5962
5pt>
File: User_Interface_Modeling_Diagram__InputForm.png Graphic file (type png)
 <use User_Interface_Modeling_Diagram__InputForm.png>
Package pdftex.def Info: User_Interface_Modeling_Diagram__InputForm.png used on
 input line 484.
(pdftex.def)             Requested size: 368.06693pt x 566.59026pt.
 [28 <C:/Users/Nutzer/Documents/Studium/2014_Wintersemester/SWT-Projekt/ILIAS-R
eview-Project-Documentation/Entwicklerdokumentation/Sequence_Diagram__Review_er
stellen__Review_erstellen.png (PNG copy)>] [29 <C:/Users/Nutzer/Documents/Studi
um/2014_Wintersemester/SWT-Projekt/ILIAS-Review-Project-Documentation/Entwickle
rdokumentation/User_Interface_Modeling_Diagram__InputForm.png (PNG copy)>]
<User_Interface_Modeling_Diagram__Plugin-Objekt.png, id=406, 414.54875pt x 295.
1025pt>
File: User_Interface_Modeling_Diagram__Plugin-Objekt.png Graphic file (type png
)
 <use User_Interface_Modeling_Diagram__Plugin-Objekt.png>
Package pdftex.def Info: User_Interface_Modeling_Diagram__Plugin-Objekt.png use
d on input line 487.
(pdftex.def)             Requested size: 368.06693pt x 262.02348pt.

<User_Interface_Modeling_Diagram__Reviewerzuordnung.png, id=407, 491.8375pt x 2
24.84pt>
File: User_Interface_Modeling_Diagram__Reviewerzuordnung.png Graphic file (type
 png)
 <use User_Interface_Modeling_Diagram__Reviewerzuordnung.png>
Package pdftex.def Info: User_Interface_Modeling_Diagram__Reviewerzuordnung.png
 used on input line 490.
(pdftex.def)             Requested size: 368.06693pt x 168.26591pt.
 [30 <C:/Users/Nutzer/Documents/Studium/2014_Wintersemester/SWT-Projekt/ILIAS-R
eview-Project-Documentation/Entwicklerdokumentation/User_Interface_Modeling_Dia
gram__Plugin-Objekt.png (PNG copy)> <C:/Users/Nutzer/Documents/Studium/2014_Win
tersemester/SWT-Projekt/ILIAS-Review-Project-Documentation/Entwicklerdokumentat
ion/User_Interface_Modeling_Diagram__Reviewerzuordnung.png (PNG copy)>] [31]
Underfull \hbox (badness 10000) in paragraph at lines 536--536
[][][][]$\T1/aett/m/n/9 http : / / www . ilias . de / docu / ilias . php ? ref 
_ id = 37 & obj _ id = 8478 & from _ page = 133 & cmd = layout &$
 []

[32]
Kapitel 8.
Package atveryend Info: Empty hook `BeforeClearDocument' on input line 557.
[33

]
Package atveryend Info: Empty hook `AfterLastShipout' on input line 557.

(C:\Users\Nutzer\Documents\Studium\2014_Wintersemester\SWT-Projekt\ILIAS-Review
-Project-Documentation\Entwicklerdokumentation\Entwicklerdokumentation.aux)
Package atveryend Info: Executing hook `AtVeryEndDocument' on input line 557.
Package atveryend Info: Executing hook `AtEndAfterFileList' on input line 557.
Package rerunfilecheck Info: File `Entwicklerdokumentation.out' has not changed
.
(rerunfilecheck)             Checksum: C594202EC247941EE6A8AED5EEF97922;3178.
Package atveryend Info: Empty hook `AtVeryVeryEnd' on input line 557.
 ) 
Here is how much of TeX's memory you used:
 7856 strings out of 493921
 121752 string characters out of 3144872
 244471 words of memory out of 3000000
 10911 multiletter control sequences out of 15000+200000
 33603 words of font info for 73 fonts, out of 3000000 for 9000
 841 hyphenation exceptions out of 8191
 40i,8n,51p,537b,503s stack positions out of 5000i,500n,10000p,200000b,50000s
<C:/Program Files (x86)/MiKTeX 2.9/fonts/type1/public/amsfonts/cm/cmmi10.pfb>
<C:/Program Files (x86)/MiKTeX 2.9/fonts/type1/public/amsfonts/cm/cmr10.pfb><C:
/Program Files (x86)/MiKTeX 2.9/fonts/type1/public/amsfonts/cm/cmr12.pfb><C:/Pr
ogram Files (x86)/MiKTeX 2.9/fonts/type1/public/amsfonts/cm/cmr6.pfb><C:/Progra
m Files (x86)/MiKTeX 2.9/fonts/type1/public/amsfonts/cm/cmr8.pfb><C:/Program Fi
les (x86)/MiKTeX 2.9/fonts/type1/public/amsfonts/cm/cmr9.pfb><C:/Program Files 
(x86)/MiKTeX 2.9/fonts/type1/public/amsfonts/cm/cmssbx10.pfb><C:/Program Files 
(x86)/MiKTeX 2.9/fonts/type1/public/amsfonts/cm/cmtt10.pfb><C:/Program Files (x
86)/MiKTeX 2.9/fonts/type1/public/amsfonts/cm/cmtt9.pfb><C:/Program Files (x86)
/MiKTeX 2.9/fonts/type1/urw/zapfding/uzdr.pfb>
Output written on Entwicklerdokumentation.pdf (33 pages, 935437 bytes).
PDF statistics:
 493 PDF objects out of 1000 (max. 8388607)
 100 named destinations out of 1000 (max. 500000)
 421 words of extra memory for PDF output out of 10000 (max. 10000000)

